CRITICAL - 2020-08-30 06:08:20 --> Use of undefined constant base_url - assumed 'base_url' (this will throw an Error in a future version of PHP)
#0 E:\KODING-Template\ci4-distributor\app\Views\layout\nav.php(24): CodeIgniter\Debug\Exceptions->errorHandler(2, 'Use of undefine...', 'E:\\KODING-Templ...', 24, Array)
#1 E:\KODING-Template\ci4-distributor\system\View\View.php(246): include('E:\\KODING-Templ...')
#2 E:\KODING-Template\ci4-distributor\system\Common.php(1119): CodeIgniter\View\View->render('layout/nav', Array, true)
#3 E:\KODING-Template\ci4-distributor\app\Views\layout\wrapper.php(6): view('layout/nav')
#4 E:\KODING-Template\ci4-distributor\system\View\View.php(246): include('E:\\KODING-Templ...')
#5 E:\KODING-Template\ci4-distributor\system\Common.php(1119): CodeIgniter\View\View->render('layout/wrapper', Array, true)
#6 E:\KODING-Template\ci4-distributor\app\Controllers\Home.php(10): view('layout/wrapper', Array)
#7 E:\KODING-Template\ci4-distributor\system\CodeIgniter.php(918): App\Controllers\Home->index()
#8 E:\KODING-Template\ci4-distributor\system\CodeIgniter.php(404): CodeIgniter\CodeIgniter->runController(Object(App\Controllers\Home))
#9 E:\KODING-Template\ci4-distributor\system\CodeIgniter.php(312): CodeIgniter\CodeIgniter->handleRequest(NULL, Object(Config\Cache), false)
#10 E:\KODING-Template\ci4-distributor\public\index.php(45): CodeIgniter\CodeIgniter->run()
#11 E:\KODING-Template\ci4-distributor\system\Commands\Server\rewrite.php(34): require_once('E:\\KODING-Templ...')
#12 {main}
CRITICAL - 2020-08-30 06:08:22 --> Use of undefined constant base_url - assumed 'base_url' (this will throw an Error in a future version of PHP)
#0 E:\KODING-Template\ci4-distributor\app\Views\layout\nav.php(24): CodeIgniter\Debug\Exceptions->errorHandler(2, 'Use of undefine...', 'E:\\KODING-Templ...', 24, Array)
#1 E:\KODING-Template\ci4-distributor\system\View\View.php(246): include('E:\\KODING-Templ...')
#2 E:\KODING-Template\ci4-distributor\system\Common.php(1119): CodeIgniter\View\View->render('layout/nav', Array, true)
#3 E:\KODING-Template\ci4-distributor\app\Views\layout\wrapper.php(6): view('layout/nav')
#4 E:\KODING-Template\ci4-distributor\system\View\View.php(246): include('E:\\KODING-Templ...')
#5 E:\KODING-Template\ci4-distributor\system\Common.php(1119): CodeIgniter\View\View->render('layout/wrapper', Array, true)
#6 E:\KODING-Template\ci4-distributor\app\Controllers\Home.php(10): view('layout/wrapper', Array)
#7 E:\KODING-Template\ci4-distributor\system\CodeIgniter.php(918): App\Controllers\Home->index()
#8 E:\KODING-Template\ci4-distributor\system\CodeIgniter.php(404): CodeIgniter\CodeIgniter->runController(Object(App\Controllers\Home))
#9 E:\KODING-Template\ci4-distributor\system\CodeIgniter.php(312): CodeIgniter\CodeIgniter->handleRequest(NULL, Object(Config\Cache), false)
#10 E:\KODING-Template\ci4-distributor\public\index.php(45): CodeIgniter\CodeIgniter->run()
#11 E:\KODING-Template\ci4-distributor\system\Commands\Server\rewrite.php(34): require_once('E:\\KODING-Templ...')
#12 {main}
