CRITICAL - 2020-09-15 21:13:29 --> Invalid file: dashboard.php
#0 E:\KODING-Template\ci4-distributor\system\View\View.php(228): CodeIgniter\Exceptions\FrameworkException::forInvalidFile('dashboard.php')
#1 E:\KODING-Template\ci4-distributor\system\Common.php(1119): CodeIgniter\View\View->render('dashboard', Array, true)
#2 E:\KODING-Template\ci4-distributor\app\Views\layout\content.php(3): view('dashboard')
#3 E:\KODING-Template\ci4-distributor\system\View\View.php(246): include('E:\\KODING-Templ...')
#4 E:\KODING-Template\ci4-distributor\system\Common.php(1119): CodeIgniter\View\View->render('layout/content', Array, true)
#5 E:\KODING-Template\ci4-distributor\app\Views\layout\wrapper.php(2): view('layout/content')
#6 E:\KODING-Template\ci4-distributor\system\View\View.php(246): include('E:\\KODING-Templ...')
#7 E:\KODING-Template\ci4-distributor\system\Common.php(1119): CodeIgniter\View\View->render('layout/wrapper', Array, true)
#8 E:\KODING-Template\ci4-distributor\app\Controllers\Home.php(10): view('layout/wrapper', Array)
#9 E:\KODING-Template\ci4-distributor\system\CodeIgniter.php(918): App\Controllers\Home->index()
#10 E:\KODING-Template\ci4-distributor\system\CodeIgniter.php(404): CodeIgniter\CodeIgniter->runController(Object(App\Controllers\Home))
#11 E:\KODING-Template\ci4-distributor\system\CodeIgniter.php(312): CodeIgniter\CodeIgniter->handleRequest(NULL, Object(Config\Cache), false)
#12 E:\KODING-Template\ci4-distributor\public\index.php(45): CodeIgniter\CodeIgniter->run()
#13 E:\KODING-Template\ci4-distributor\system\Commands\Server\rewrite.php(34): require_once('E:\\KODING-Templ...')
#14 {main}
CRITICAL - 2020-09-15 21:13:36 --> Invalid file: dashboard.php
#0 E:\KODING-Template\ci4-distributor\system\View\View.php(228): CodeIgniter\Exceptions\FrameworkException::forInvalidFile('dashboard.php')
#1 E:\KODING-Template\ci4-distributor\system\Common.php(1119): CodeIgniter\View\View->render('dashboard', Array, true)
#2 E:\KODING-Template\ci4-distributor\app\Views\layout\content.php(3): view('dashboard')
#3 E:\KODING-Template\ci4-distributor\system\View\View.php(246): include('E:\\KODING-Templ...')
#4 E:\KODING-Template\ci4-distributor\system\Common.php(1119): CodeIgniter\View\View->render('layout/content', Array, true)
#5 E:\KODING-Template\ci4-distributor\app\Views\layout\wrapper.php(2): view('layout/content')
#6 E:\KODING-Template\ci4-distributor\system\View\View.php(246): include('E:\\KODING-Templ...')
#7 E:\KODING-Template\ci4-distributor\system\Common.php(1119): CodeIgniter\View\View->render('layout/wrapper', Array, true)
#8 E:\KODING-Template\ci4-distributor\app\Controllers\Home.php(10): view('layout/wrapper', Array)
#9 E:\KODING-Template\ci4-distributor\system\CodeIgniter.php(918): App\Controllers\Home->index()
#10 E:\KODING-Template\ci4-distributor\system\CodeIgniter.php(404): CodeIgniter\CodeIgniter->runController(Object(App\Controllers\Home))
#11 E:\KODING-Template\ci4-distributor\system\CodeIgniter.php(312): CodeIgniter\CodeIgniter->handleRequest(NULL, Object(Config\Cache), false)
#12 E:\KODING-Template\ci4-distributor\public\index.php(45): CodeIgniter\CodeIgniter->run()
#13 E:\KODING-Template\ci4-distributor\system\Commands\Server\rewrite.php(34): require_once('E:\\KODING-Templ...')
#14 {main}
